<?xml version="1.0" encoding="UTF-8"?>
<testsuite name="com.revinate.minesweeper.BoardTest" tests="1" skipped="0" failures="0" errors="0" timestamp="2016-09-11T17:21:15" hostname="zhengqiangs-MacBook-Pro.local" time="0.007">
  <properties/>
  <testcase name="smallBoardTest" classname="com.revinate.minesweeper.BoardTest" time="0.007"/>
  <system-out><![CDATA[]]></system-out>
  <system-err><![CDATA[]]></system-err>
</testsuite>
