<?xml version="1.0" encoding="UTF-8"?>
<testsuite name="com.revinate.instagram.InstagramTest" tests="1" skipped="0" failures="0" errors="0" timestamp="2016-09-11T17:08:56" hostname="zhengqiangs-MacBook-Pro.local" time="0.133">
  <properties/>
  <testcase name="getMediaFeed" classname="com.revinate.instagram.InstagramTest" time="0.133"/>
  <system-out><![CDATA[]]></system-out>
  <system-err><![CDATA[]]></system-err>
</testsuite>
